1677084304.121095 client started (39344): version 3.3a, socket /private/tmp/tmux-504/default, protocol 8
1677084304.121148 on Darwin 21.6.0 Darwin Kernel Version 21.6.0: Mon Dec 19 20:44:01 PST 2022; root:xnu-8020.240.18~2/RELEASE_X86_64
1677084304.122026 using libevent 2.1.12-stable (select); utf8proc 2.8.0; ncurses 6.4
1677084304.122084 flags are 0x10010000
1677084304.122102 socket is /private/tmp/tmux-504/default
1677084304.122120 trying connect
1677084304.122204 add peer 0x7feab2031000: 6 (0x0)
1677084304.123960 sending message 100 to peer 0x7feab2031000 (4 bytes)
1677084304.123991 sending message 111 to peer 0x7feab2031000 (8 bytes)
1677084304.124004 sending message 101 to peer 0x7feab2031000 (16 bytes)
1677084304.124014 sending message 109 to peer 0x7feab2031000 (4 bytes)
1677084304.124024 sending message 102 to peer 0x7feab2031000 (13 bytes)
1677084304.124034 sending message 108 to peer 0x7feab2031000 (22 bytes)
1677084304.124046 sending message 112 to peer 0x7feab2031000 (70 bytes)
1677084304.124058 sending message 112 to peer 0x7feab2031000 (5 bytes)
1677084304.124068 sending message 112 to peer 0x7feab2031000 (5 bytes)
1677084304.124077 sending message 112 to peer 0x7feab2031000 (6 bytes)
1677084304.124086 sending message 112 to peer 0x7feab2031000 (6 bytes)
1677084304.124096 sending message 112 to peer 0x7feab2031000 (11 bytes)
1677084304.124105 sending message 112 to peer 0x7feab2031000 (10 bytes)
1677084304.124114 sending message 112 to peer 0x7feab2031000 (13 bytes)
1677084304.124123 sending message 112 to peer 0x7feab2031000 (13 bytes)
1677084304.124132 sending message 112 to peer 0x7feab2031000 (18 bytes)
1677084304.124142 sending message 112 to peer 0x7feab2031000 (11 bytes)
1677084304.124151 sending message 112 to peer 0x7feab2031000 (21 bytes)
1677084304.124160 sending message 112 to peer 0x7feab2031000 (13 bytes)
1677084304.124169 sending message 112 to peer 0x7feab2031000 (7 bytes)
1677084304.124178 sending message 112 to peer 0x7feab2031000 (13 bytes)
1677084304.124187 sending message 112 to peer 0x7feab2031000 (7 bytes)
1677084304.124196 sending message 112 to peer 0x7feab2031000 (13 bytes)
1677084304.124205 sending message 112 to peer 0x7feab2031000 (9 bytes)
1677084304.124215 sending message 112 to peer 0x7feab2031000 (21 bytes)
1677084304.124224 sending message 112 to peer 0x7feab2031000 (13 bytes)
1677084304.124233 sending message 112 to peer 0x7feab2031000 (8 bytes)
1677084304.124242 sending message 112 to peer 0x7feab2031000 (12 bytes)
1677084304.124251 sending message 112 to peer 0x7feab2031000 (13 bytes)
1677084304.124260 sending message 112 to peer 0x7feab2031000 (9 bytes)
1677084304.124269 sending message 112 to peer 0x7feab2031000 (9 bytes)
1677084304.124278 sending message 112 to peer 0x7feab2031000 (12 bytes)
1677084304.124287 sending message 112 to peer 0x7feab2031000 (8 bytes)
1677084304.124296 sending message 112 to peer 0x7feab2031000 (7 bytes)
1677084304.124305 sending message 112 to peer 0x7feab2031000 (7 bytes)
1677084304.124314 sending message 112 to peer 0x7feab2031000 (9 bytes)
1677084304.124323 sending message 112 to peer 0x7feab2031000 (13 bytes)
1677084304.124333 sending message 112 to peer 0x7feab2031000 (9 bytes)
1677084304.124342 sending message 112 to peer 0x7feab2031000 (15 bytes)
1677084304.124351 sending message 112 to peer 0x7feab2031000 (13 bytes)
1677084304.124360 sending message 112 to peer 0x7feab2031000 (12 bytes)
1677084304.124369 sending message 112 to peer 0x7feab2031000 (8 bytes)
1677084304.124378 sending message 112 to peer 0x7feab2031000 (14 bytes)
1677084304.124387 sending message 112 to peer 0x7feab2031000 (9 bytes)
1677084304.124396 sending message 112 to peer 0x7feab2031000 (10 bytes)
1677084304.124406 sending message 112 to peer 0x7feab2031000 (10 bytes)
1677084304.124415 sending message 112 to peer 0x7feab2031000 (10 bytes)
1677084304.124424 sending message 112 to peer 0x7feab2031000 (10 bytes)
1677084304.124433 sending message 112 to peer 0x7feab2031000 (11 bytes)
1677084304.124442 sending message 112 to peer 0x7feab2031000 (10 bytes)
1677084304.124451 sending message 112 to peer 0x7feab2031000 (8 bytes)
1677084304.124476 sending message 112 to peer 0x7feab2031000 (11 bytes)
1677084304.124483 sending message 112 to peer 0x7feab2031000 (11 bytes)
1677084304.124489 sending message 112 to peer 0x7feab2031000 (11 bytes)
1677084304.124495 sending message 112 to peer 0x7feab2031000 (8 bytes)
1677084304.124501 sending message 112 to peer 0x7feab2031000 (8 bytes)
1677084304.124507 sending message 112 to peer 0x7feab2031000 (8 bytes)
1677084304.124513 sending message 112 to peer 0x7feab2031000 (10 bytes)
1677084304.124519 sending message 112 to peer 0x7feab2031000 (10 bytes)
1677084304.124525 sending message 112 to peer 0x7feab2031000 (10 bytes)
1677084304.124531 sending message 112 to peer 0x7feab2031000 (10 bytes)
1677084304.124537 sending message 112 to peer 0x7feab2031000 (10 bytes)
1677084304.124543 sending message 112 to peer 0x7feab2031000 (11 bytes)
1677084304.124550 sending message 112 to peer 0x7feab2031000 (11 bytes)
1677084304.124558 sending message 112 to peer 0x7feab2031000 (10 bytes)
1677084304.124565 sending message 112 to peer 0x7feab2031000 (9 bytes)
1677084304.124571 sending message 112 to peer 0x7feab2031000 (9 bytes)
1677084304.124577 sending message 112 to peer 0x7feab2031000 (12 bytes)
1677084304.124583 sending message 112 to peer 0x7feab2031000 (9 bytes)
1677084304.124589 sending message 112 to peer 0x7feab2031000 (6 bytes)
1677084304.124595 sending message 112 to peer 0x7feab2031000 (13 bytes)
1677084304.124601 sending message 112 to peer 0x7feab2031000 (8 bytes)
1677084304.124608 sending message 112 to peer 0x7feab2031000 (15 bytes)
1677084304.124614 sending message 112 to peer 0x7feab2031000 (13 bytes)
1677084304.124620 sending message 112 to peer 0x7feab2031000 (70 bytes)
1677084304.124626 sending message 112 to peer 0x7feab2031000 (69 bytes)
1677084304.124632 sending message 112 to peer 0x7feab2031000 (10 bytes)
1677084304.124638 sending message 112 to peer 0x7feab2031000 (8 bytes)
1677084304.124644 sending message 112 to peer 0x7feab2031000 (15 bytes)
1677084304.124650 sending message 112 to peer 0x7feab2031000 (13 bytes)
1677084304.124656 sending message 112 to peer 0x7feab2031000 (10 bytes)
1677084304.124662 sending message 112 to peer 0x7feab2031000 (10 bytes)
1677084304.124668 sending message 112 to peer 0x7feab2031000 (5 bytes)
1677084304.124674 sending message 112 to peer 0x7feab2031000 (15 bytes)
1677084304.124682 sending message 104 to peer 0x7feab2031000 (0 bytes)
1677084304.124697 sending message 110 to peer 0x7feab2031000 (0 bytes)
1677084304.124704 sending message 107 to peer 0x7feab2031000 (4 bytes)
1677084304.124711 sending message 105 to peer 0x7feab2031000 (14 bytes)
1677084304.124717 sending message 105 to peer 0x7feab2031000 (20 bytes)
1677084304.124723 sending message 105 to peer 0x7feab2031000 (22 bytes)
1677084304.124729 sending message 105 to peer 0x7feab2031000 (64 bytes)
1677084304.124737 sending message 105 to peer 0x7feab2031000 (26 bytes)
1677084304.124744 sending message 105 to peer 0x7feab2031000 (21 bytes)
1677084304.124750 sending message 105 to peer 0x7feab2031000 (21 bytes)
1677084304.124756 sending message 105 to peer 0x7feab2031000 (22 bytes)
1677084304.124762 sending message 105 to peer 0x7feab2031000 (61 bytes)
1677084304.124768 sending message 105 to peer 0x7feab2031000 (17 bytes)
1677084304.124774 sending message 105 to peer 0x7feab2031000 (19 bytes)
1677084304.124780 sending message 105 to peer 0x7feab2031000 (27 bytes)
1677084304.124786 sending message 105 to peer 0x7feab2031000 (17 bytes)
1677084304.124792 sending message 105 to peer 0x7feab2031000 (29 bytes)
1677084304.124799 sending message 105 to peer 0x7feab2031000 (144 bytes)
1677084304.124807 sending message 105 to peer 0x7feab2031000 (26 bytes)
1677084304.124814 sending message 105 to peer 0x7feab2031000 (15 bytes)
1677084304.124820 sending message 105 to peer 0x7feab2031000 (8 bytes)
1677084304.124826 sending message 105 to peer 0x7feab2031000 (66 bytes)
1677084304.124832 sending message 105 to peer 0x7feab2031000 (21 bytes)
1677084304.124838 sending message 105 to peer 0x7feab2031000 (18 bytes)
1677084304.124856 sending message 105 to peer 0x7feab2031000 (26 bytes)
1677084304.124863 sending message 105 to peer 0x7feab2031000 (60 bytes)
1677084304.124869 sending message 105 to peer 0x7feab2031000 (57 bytes)
1677084304.124875 sending message 105 to peer 0x7feab2031000 (43 bytes)
1677084304.124881 sending message 105 to peer 0x7feab2031000 (13 bytes)
1677084304.124887 sending message 105 to peer 0x7feab2031000 (56 bytes)
1677084304.124893 sending message 105 to peer 0x7feab2031000 (14 bytes)
1677084304.124899 sending message 105 to peer 0x7feab2031000 (14 bytes)
1677084304.124905 sending message 105 to peer 0x7feab2031000 (19 bytes)
1677084304.124911 sending message 105 to peer 0x7feab2031000 (43 bytes)
1677084304.124917 sending message 105 to peer 0x7feab2031000 (32 bytes)
1677084304.124923 sending message 105 to peer 0x7feab2031000 (22 bytes)
1677084304.124929 sending message 106 to peer 0x7feab2031000 (0 bytes)
1677084304.125017 sending message 200 to peer 0x7feab2031000 (4 bytes)
1677084304.125028 client loop enter
1677084304.125197 peer 0x7feab2031000 message 303
1677084304.125221 open write file 2 -
1677084304.125276 sending message 305 to peer 0x7feab2031000 (8 bytes)
1677084304.125307 write check file 2
1677084304.125410 peer 0x7feab2031000 message 304
1677084304.125432 write 58 to file 2
1677084304.125458 peer 0x7feab2031000 message 203
1677084304.125470 file 2 58 bytes left
1677084304.125495 write check file 2
1677084304.125503 client loop exit
